[M::bwa_idx_load_from_disk] read 0 ALT contigs
[M::process] read 571876 sequences (40000032 bp)...
[M::process] read 572762 sequences (40000029 bp)...
[M::mem_pestat] # candidate unique pairs for (FF, FR, RF, RR): (163, 255011, 78, 167)
[M::mem_pestat] analyzing insert size distribution for orientation FF...
[M::mem_pestat] (25, 50, 75) percentile: (280, 588, 1329)
[M::mem_pestat] low and high boundaries for computing mean and std.dev: (1, 3427)
[M::mem_pestat] mean and std.dev: (684.83, 619.87)
[M::mem_pestat] low and high boundaries for proper pairs: (1, 4476)
[M::mem_pestat] analyzing insert size distribution for orientation FR...
[M::mem_pestat] (25, 50, 75) percentile: (202, 245, 304)
[M::mem_pestat] low and high boundaries for computing mean and std.dev: (1, 508)
[M::mem_pestat] mean and std.dev: (257.12, 75.43)
[M::mem_pestat] low and high boundaries for proper pairs: (1, 610)
[M::mem_pestat] analyzing insert size distribution for orientation RF...
[M::mem_pestat] (25, 50, 75) percentile: (1183, 2480, 5133)
[M::mem_pestat] low and high boundaries for computing mean and std.dev: (1, 13033)
[M::mem_pestat] mean and std.dev: (3251.01, 2591.50)
[M::mem_pestat] low and high boundaries for proper pairs: (1, 16983)
[M::mem_pestat] analyzing insert size distribution for orientation RR...
[M::mem_pestat] (25, 50, 75) percentile: (424, 641, 1271)
[M::mem_pestat] low and high boundaries for computing mean and std.dev: (1, 2965)
[M::mem_pestat] mean and std.dev: (762.49, 595.36)
[M::mem_pestat] low and high boundaries for proper pairs: (1, 3812)
[M::mem_pestat] skip orientation FF
[M::mem_pestat] skip orientation RF
[M::mem_pestat] skip orientation RR
[M::mem_process_seqs] Processed 571876 reads in 20.118 CPU sec, 4.983 real sec
[M::process] read 572520 sequences (40000037 bp)...
[M::mem_pestat] # candidate unique pairs for (FF, FR, RF, RR): (153, 255058, 112, 167)
[M::mem_pestat] analyzing insert size distribution for orientation FF...
[M::mem_pestat] (25, 50, 75) percentile: (246, 545, 1166)
[M::mem_pestat] low and high boundaries for computing mean and std.dev: (1, 3006)
[M::mem_pestat] mean and std.dev: (631.68, 535.34)
[M::mem_pestat] low and high boundaries for proper pairs: (1, 3926)
[M::mem_pestat] analyzing insert size distribution for orientation FR...
[M::mem_pestat] (25, 50, 75) percentile: (202, 246, 305)
[M::mem_pestat] low and high boundaries for computing mean and std.dev: (1, 511)
[M::mem_pestat] mean and std.dev: (257.32, 75.63)
[M::mem_pestat] low and high boundaries for proper pairs: (1, 614)
[M::mem_pestat] analyzing insert size distribution for orientation RF...
[M::mem_pestat] (25, 50, 75) percentile: (2345, 2508, 4211)
[M::mem_pestat] low and high boundaries for computing mean and std.dev: (1, 7943)
[M::mem_pestat] mean and std.dev: (2973.72, 1690.97)
[M::mem_pestat] low and high boundaries for proper pairs: (1, 9809)
[M::mem_pestat] analyzing insert size distribution for orientation RR...
[M::mem_pestat] (25, 50, 75) percentile: (366, 681, 1106)
[M::mem_pestat] low and high boundaries for computing mean and std.dev: (1, 2586)
[M::mem_pestat] mean and std.dev: (701.45, 489.91)
[M::mem_pestat] low and high boundaries for proper pairs: (1, 3326)
[M::mem_pestat] skip orientation FF
[M::mem_pestat] skip orientation RF
[M::mem_pestat] skip orientation RR
[M::mem_process_seqs] Processed 572762 reads in 21.642 CPU sec, 6.250 real sec
[M::process] read 573200 sequences (40000127 bp)...
[M::mem_pestat] # candidate unique pairs for (FF, FR, RF, RR): (165, 253469, 212, 139)
[M::mem_pestat] analyzing insert size distribution for orientation FF...
[M::mem_pestat] (25, 50, 75) percentile: (289, 601, 1423)
[M::mem_pestat] low and high boundaries for computing mean and std.dev: (1, 3691)
[M::mem_pestat] mean and std.dev: (791.81, 752.96)
[M::mem_pestat] low and high boundaries for proper pairs: (1, 4825)
[M::mem_pestat] analyzing insert size distribution for orientation FR...
[M::mem_pestat] (25, 50, 75) percentile: (201, 245, 304)
[M::mem_pestat] low and high boundaries for computing mean and std.dev: (1, 510)
[M::mem_pestat] mean and std.dev: (256.98, 75.49)
[M::mem_pestat] low and high boundaries for proper pairs: (1, 613)
[M::mem_pestat] analyzing insert size distribution for orientation RF...
[M::mem_pestat] (25, 50, 75) percentile: (1697, 3207, 5785)
[M::mem_pestat] low and high boundaries for computing mean and std.dev: (1, 13961)
[M::mem_pestat] mean and std.dev: (3742.21, 2425.85)
[M::mem_pestat] low and high boundaries for proper pairs: (1, 18049)
[M::mem_pestat] analyzing insert size distribution for orientation RR...
[M::mem_pestat] (25, 50, 75) percentile: (374, 690, 1452)
[M::mem_pestat] low and high boundaries for computing mean and std.dev: (1, 3608)
[M::mem_pestat] mean and std.dev: (824.98, 707.16)
[M::mem_pestat] low and high boundaries for proper pairs: (1, 4686)
[M::mem_pestat] skip orientation FF
[M::mem_pestat] skip orientation RF
[M::mem_pestat] skip orientation RR
[M::mem_process_seqs] Processed 572520 reads in 19.206 CPU sec, 4.770 real sec
[M::process] read 572302 sequences (40000025 bp)...
[M::mem_pestat] # candidate unique pairs for (FF, FR, RF, RR): (184, 254713, 79, 175)
[M::mem_pestat] analyzing insert size distribution for orientation FF...
[M::mem_pestat] (25, 50, 75) percentile: (275, 764, 1465)
[M::mem_pestat] low and high boundaries for computing mean and std.dev: (1, 3845)
[M::mem_pestat] mean and std.dev: (879.99, 798.24)
[M::mem_pestat] low and high boundaries for proper pairs: (1, 5035)
[M::mem_pestat] analyzing insert size distribution for orientation FR...
[M::mem_pestat] (25, 50, 75) percentile: (202, 246, 304)
[M::mem_pestat] low and high boundaries for computing mean and std.dev: (1, 508)
[M::mem_pestat] mean and std.dev: (257.37, 75.60)
[M::mem_pestat] low and high boundaries for proper pairs: (1, 610)
[M::mem_pestat] analyzing insert size distribution for orientation RF...
[M::mem_pestat] (25, 50, 75) percentile: (873, 2466, 5469)
[M::mem_pestat] low and high boundaries for computing mean and std.dev: (1, 14661)
[M::mem_pestat] mean and std.dev: (3324.58, 2847.89)
[M::mem_pestat] low and high boundaries for proper pairs: (1, 19257)
[M::mem_pestat] analyzing insert size distribution for orientation RR...
[M::mem_pestat] (25, 50, 75) percentile: (433, 801, 1511)
[M::mem_pestat] low and high boundaries for computing mean and std.dev: (1, 3667)
[M::mem_pestat] mean and std.dev: (932.96, 674.07)
[M::mem_pestat] low and high boundaries for proper pairs: (1, 4745)
[M::mem_pestat] skip orientation FF
[M::mem_pestat] skip orientation RF
[M::mem_pestat] skip orientation RR
[M::mem_process_seqs] Processed 573200 reads in 19.343 CPU sec, 4.565 real sec
[M::process] read 468452 sequences (40000151 bp)...
[M::mem_pestat] # candidate unique pairs for (FF, FR, RF, RR): (150, 254998, 82, 161)
[M::mem_pestat] analyzing insert size distribution for orientation FF...
[M::mem_pestat] (25, 50, 75) percentile: (254, 582, 1013)
[M::mem_pestat] low and high boundaries for computing mean and std.dev: (1, 2531)
[M::mem_pestat] mean and std.dev: (614.04, 491.78)
[M::mem_pestat] low and high boundaries for proper pairs: (1, 3290)
[M::mem_pestat] analyzing insert size distribution for orientation FR...
[M::mem_pestat] (25, 50, 75) percentile: (201, 245, 304)
[M::mem_pestat] low and high boundaries for computing mean and std.dev: (1, 510)
[M::mem_pestat] mean and std.dev: (257.07, 75.63)
[M::mem_pestat] low and high boundaries for proper pairs: (1, 613)
[M::mem_pestat] analyzing insert size distribution for orientation RF...
[M::mem_pestat] (25, 50, 75) percentile: (1780, 3167, 5076)
[M::mem_pestat] low and high boundaries for computing mean and std.dev: (1, 11668)
[M::mem_pestat] mean and std.dev: (3497.93, 2279.38)
[M::mem_pestat] low and high boundaries for proper pairs: (1, 14964)
[M::mem_pestat] analyzing insert size distribution for orientation RR...
[M::mem_pestat] (25, 50, 75) percentile: (423, 822, 1417)
[M::mem_pestat] low and high boundaries for computing mean and std.dev: (1, 3405)
[M::mem_pestat] mean and std.dev: (855.35, 646.90)
[M::mem_pestat] low and high boundaries for proper pairs: (1, 4399)
[M::mem_pestat] skip orientation FF
[M::mem_pestat] skip orientation RF
[M::mem_pestat] skip orientation RR
[M::mem_process_seqs] Processed 572302 reads in 18.785 CPU sec, 4.420 real sec
[M::process] read 438192 sequences (40000146 bp)...
[M::mem_pestat] # candidate unique pairs for (FF, FR, RF, RR): (65, 220958, 44, 68)
[M::mem_pestat] analyzing insert size distribution for orientation FF...
[M::mem_pestat] (25, 50, 75) percentile: (107, 221, 489)
[M::mem_pestat] low and high boundaries for computing mean and std.dev: (1, 1253)
[M::mem_pestat] mean and std.dev: (266.64, 215.80)
[M::mem_pestat] low and high boundaries for proper pairs: (1, 1635)
[M::mem_pestat] analyzing insert size distribution for orientation FR...
[M::mem_pestat] (25, 50, 75) percentile: (177, 219, 276)
[M::mem_pestat] low and high boundaries for computing mean and std.dev: (1, 474)
[M::mem_pestat] mean and std.dev: (231.24, 71.93)
[M::mem_pestat] low and high boundaries for proper pairs: (1, 573)
[M::mem_pestat] analyzing insert size distribution for orientation RF...
[M::mem_pestat] (25, 50, 75) percentile: (1058, 2510, 5093)
[M::mem_pestat] low and high boundaries for computing mean and std.dev: (1, 13163)
[M::mem_pestat] mean and std.dev: (3175.80, 2478.86)
[M::mem_pestat] low and high boundaries for proper pairs: (1, 17198)
[M::mem_pestat] analyzing insert size distribution for orientation RR...
[M::mem_pestat] (25, 50, 75) percentile: (174, 494, 1377)
[M::mem_pestat] low and high boundaries for computing mean and std.dev: (1, 3783)
[M::mem_pestat] mean and std.dev: (640.17, 678.39)
[M::mem_pestat] low and high boundaries for proper pairs: (1, 4986)
[M::mem_pestat] skip orientation FF
[M::mem_pestat] skip orientation RF
[M::mem_pestat] skip orientation RR
[M::mem_process_seqs] Processed 468452 reads in 16.437 CPU sec, 3.853 real sec
[M::process] read 439868 sequences (40000033 bp)...
[M::mem_pestat] # candidate unique pairs for (FF, FR, RF, RR): (44, 209255, 95, 44)
[M::mem_pestat] analyzing insert size distribution for orientation FF...
[M::mem_pestat] (25, 50, 75) percentile: (99, 148, 268)
[M::mem_pestat] low and high boundaries for computing mean and std.dev: (1, 606)
[M::mem_pestat] mean and std.dev: (183.62, 122.56)
[M::mem_pestat] low and high boundaries for proper pairs: (1, 775)
[M::mem_pestat] analyzing insert size distribution for orientation FR...
[M::mem_pestat] (25, 50, 75) percentile: (171, 209, 263)
[M::mem_pestat] low and high boundaries for computing mean and std.dev: (1, 447)
[M::mem_pestat] mean and std.dev: (221.07, 67.53)
[M::mem_pestat] low and high boundaries for proper pairs: (1, 539)
[M::mem_pestat] analyzing insert size distribution for orientation RF...
[M::mem_pestat] (25, 50, 75) percentile: (61, 1462, 2568)
[M::mem_pestat] low and high boundaries for computing mean and std.dev: (1, 7582)
[M::mem_pestat] mean and std.dev: (1845.60, 1886.98)
[M::mem_pestat] low and high boundaries for proper pairs: (1, 10089)
[M::mem_pestat] analyzing insert size distribution for orientation RR...
[M::mem_pestat] (25, 50, 75) percentile: (136, 184, 277)
[M::mem_pestat] low and high boundaries for computing mean and std.dev: (1, 559)
[M::mem_pestat] mean and std.dev: (208.86, 106.85)
[M::mem_pestat] low and high boundaries for proper pairs: (1, 700)
[M::mem_pestat] skip orientation FF
[M::mem_pestat] skip orientation RF
[M::mem_pestat] skip orientation RR
[M::mem_process_seqs] Processed 438192 reads in 17.414 CPU sec, 4.119 real sec
[M::mem_pestat] # candidate unique pairs for (FF, FR, RF, RR): (48, 211085, 36, 44)
[M::mem_pestat] analyzing insert size distribution for orientation FF...
[M::mem_pestat] (25, 50, 75) percentile: (79, 142, 270)
[M::mem_pestat] low and high boundaries for computing mean and std.dev: (1, 652)
[M::mem_pestat] mean and std.dev: (161.09, 121.79)
[M::mem_pestat] low and high boundaries for proper pairs: (1, 843)
[M::mem_pestat] analyzing insert size distribution for orientation FR...
[M::mem_pestat] (25, 50, 75) percentile: (171, 210, 263)
[M::mem_pestat] low and high boundaries for computing mean and std.dev: (1, 447)
[M::mem_pestat] mean and std.dev: (221.62, 67.83)
[M::mem_pestat] low and high boundaries for proper pairs: (1, 539)
[M::mem_pestat] analyzing insert size distribution for orientation RF...
[M::mem_pestat] (25, 50, 75) percentile: (767, 2358, 3407)
[M::mem_pestat] low and high boundaries for computing mean and std.dev: (1, 8687)
[M::mem_pestat] mean and std.dev: (2374.19, 1513.12)
[M::mem_pestat] low and high boundaries for proper pairs: (1, 11327)
[M::mem_pestat] analyzing insert size distribution for orientation RR...
[M::mem_pestat] (25, 50, 75) percentile: (122, 185, 264)
[M::mem_pestat] low and high boundaries for computing mean and std.dev: (1, 548)
[M::mem_pestat] mean and std.dev: (180.43, 83.83)
[M::mem_pestat] low and high boundaries for proper pairs: (1, 690)
[M::mem_pestat] skip orientation FF
[M::mem_pestat] skip orientation RF
[M::mem_pestat] skip orientation RR
[M::mem_process_seqs] Processed 439868 reads in 16.753 CPU sec, 4.265 real sec
[M::process] read 437384 sequences (40000193 bp)...
[M::process] read 437934 sequences (40000188 bp)...
[M::mem_pestat] # candidate unique pairs for (FF, FR, RF, RR): (44, 206848, 38, 38)
[M::mem_pestat] analyzing insert size distribution for orientation FF...
[M::mem_pestat] (25, 50, 75) percentile: (102, 210, 342)
[M::mem_pestat] low and high boundaries for computing mean and std.dev: (1, 822)
[M::mem_pestat] mean and std.dev: (205.35, 147.01)
[M::mem_pestat] low and high boundaries for proper pairs: (1, 1062)
[M::mem_pestat] analyzing insert size distribution for orientation FR...
[M::mem_pestat] (25, 50, 75) percentile: (171, 210, 263)
[M::mem_pestat] low and high boundaries for computing mean and std.dev: (1, 447)
[M::mem_pestat] mean and std.dev: (221.39, 67.77)
[M::mem_pestat] low and high boundaries for proper pairs: (1, 539)
[M::mem_pestat] analyzing insert size distribution for orientation RF...
[M::mem_pestat] (25, 50, 75) percentile: (1825, 2420, 2674)
[M::mem_pestat] low and high boundaries for computing mean and std.dev: (127, 4372)
[M::mem_pestat] mean and std.dev: (2224.67, 721.88)
[M::mem_pestat] low and high boundaries for proper pairs: (1, 5221)
[M::mem_pestat] analyzing insert size distribution for orientation RR...
[M::mem_pestat] (25, 50, 75) percentile: (119, 176, 245)
[M::mem_pestat] low and high boundaries for computing mean and std.dev: (1, 497)
[M::mem_pestat] mean and std.dev: (186.00, 84.65)
[M::mem_pestat] low and high boundaries for proper pairs: (1, 623)
[M::mem_pestat] skip orientation FF
[M::mem_pestat] skip orientation RF
[M::mem_pestat] skip orientation RR
[M::mem_process_seqs] Processed 437384 reads in 18.035 CPU sec, 4.356 real sec
[M::process] read 437206 sequences (40000184 bp)...
[M::mem_pestat] # candidate unique pairs for (FF, FR, RF, RR): (37, 209186, 29, 53)
[M::mem_pestat] analyzing insert size distribution for orientation FF...
[M::mem_pestat] (25, 50, 75) percentile: (92, 138, 208)
[M::mem_pestat] low and high boundaries for computing mean and std.dev: (1, 440)
[M::mem_pestat] mean and std.dev: (139.88, 80.89)
[M::mem_pestat] low and high boundaries for proper pairs: (1, 556)
[M::mem_pestat] analyzing insert size distribution for orientation FR...
[M::mem_pestat] (25, 50, 75) percentile: (171, 210, 264)
[M::mem_pestat] low and high boundaries for computing mean and std.dev: (1, 450)
[M::mem_pestat] mean and std.dev: (221.56, 67.94)
[M::mem_pestat] low and high boundaries for proper pairs: (1, 543)
[M::mem_pestat] analyzing insert size distribution for orientation RF...
[M::mem_pestat] (25, 50, 75) percentile: (2277, 3292, 4696)
[M::mem_pestat] low and high boundaries for computing mean and std.dev: (1, 9534)
[M::mem_pestat] mean and std.dev: (3243.10, 1949.09)
[M::mem_pestat] low and high boundaries for proper pairs: (1, 11953)
[M::mem_pestat] analyzing insert size distribution for orientation RR...
[M::mem_pestat] (25, 50, 75) percentile: (142, 188, 385)
[M::mem_pestat] low and high boundaries for computing mean and std.dev: (1, 871)
[M::mem_pestat] mean and std.dev: (237.66, 144.40)
[M::mem_pestat] low and high boundaries for proper pairs: (1, 1114)
[M::mem_pestat] skip orientation FF
[M::mem_pestat] skip orientation RF
[M::mem_pestat] skip orientation RR
[M::mem_process_seqs] Processed 437934 reads in 18.424 CPU sec, 4.287 real sec
[M::process] read 436804 sequences (40000012 bp)...
[M::mem_pestat] # candidate unique pairs for (FF, FR, RF, RR): (44, 208405, 25, 47)
[M::mem_pestat] analyzing insert size distribution for orientation FF...
[M::mem_pestat] (25, 50, 75) percentile: (112, 170, 280)
[M::mem_pestat] low and high boundaries for computing mean and std.dev: (1, 616)
[M::mem_pestat] mean and std.dev: (175.49, 107.13)
[M::mem_pestat] low and high boundaries for proper pairs: (1, 784)
[M::mem_pestat] analyzing insert size distribution for orientation FR...
[M::mem_pestat] (25, 50, 75) percentile: (171, 210, 263)
[M::mem_pestat] low and high boundaries for computing mean and std.dev: (1, 447)
[M::mem_pestat] mean and std.dev: (221.45, 67.84)
[M::mem_pestat] low and high boundaries for proper pairs: (1, 539)
[M::mem_pestat] analyzing insert size distribution for orientation RF...
[M::mem_pestat] (25, 50, 75) percentile: (705, 2288, 4722)
[M::mem_pestat] low and high boundaries for computing mean and std.dev: (1, 12756)
[M::mem_pestat] mean and std.dev: (2748.04, 2025.55)
[M::mem_pestat] low and high boundaries for proper pairs: (1, 16773)
[M::mem_pestat] analyzing insert size distribution for orientation RR...
[M::mem_pestat] (25, 50, 75) percentile: (152, 217, 332)
[M::mem_pestat] low and high boundaries for computing mean and std.dev: (1, 692)
[M::mem_pestat] mean and std.dev: (248.14, 151.77)
[M::mem_pestat] low and high boundaries for proper pairs: (1, 872)
[M::mem_pestat] skip orientation FF
[M::mem_pestat] skip orientation RF
[M::mem_pestat] skip orientation RR
[M::mem_process_seqs] Processed 437206 reads in 18.035 CPU sec, 4.136 real sec
[M::process] read 41500 sequences (3797073 bp)...
[M::mem_pestat] # candidate unique pairs for (FF, FR, RF, RR): (57, 207601, 30, 39)
[M::mem_pestat] analyzing insert size distribution for orientation FF...
[M::mem_pestat] (25, 50, 75) percentile: (87, 140, 285)
[M::mem_pestat] low and high boundaries for computing mean and std.dev: (1, 681)
[M::mem_pestat] mean and std.dev: (198.79, 162.51)
[M::mem_pestat] low and high boundaries for proper pairs: (1, 879)
[M::mem_pestat] analyzing insert size distribution for orientation FR...
[M::mem_pestat] (25, 50, 75) percentile: (170, 209, 263)
[M::mem_pestat] low and high boundaries for computing mean and std.dev: (1, 449)
[M::mem_pestat] mean and std.dev: (221.11, 67.66)
[M::mem_pestat] low and high boundaries for proper pairs: (1, 542)
[M::mem_pestat] analyzing insert size distribution for orientation RF...
[M::mem_pestat] (25, 50, 75) percentile: (619, 2219, 2576)
[M::mem_pestat] low and high boundaries for computing mean and std.dev: (1, 6490)
[M::mem_pestat] mean and std.dev: (2068.53, 1657.38)
[M::mem_pestat] low and high boundaries for proper pairs: (1, 8698)
[M::mem_pestat] analyzing insert size distribution for orientation RR...
[M::mem_pestat] (25, 50, 75) percentile: (146, 205, 287)
[M::mem_pestat] low and high boundaries for computing mean and std.dev: (1, 569)
[M::mem_pestat] mean and std.dev: (202.75, 84.93)
[M::mem_pestat] low and high boundaries for proper pairs: (1, 710)
[M::mem_pestat] skip orientation FF
[M::mem_pestat] skip orientation RF
[M::mem_pestat] skip orientation RR
[M::mem_process_seqs] Processed 436804 reads in 20.757 CPU sec, 5.001 real sec
[M::mem_pestat] # candidate unique pairs for (FF, FR, RF, RR): (4, 20153, 1, 2)
[M::mem_pestat] skip orientation FF as there are not enough pairs
[M::mem_pestat] analyzing insert size distribution for orientation FR...
[M::mem_pestat] (25, 50, 75) percentile: (171, 211, 265)
[M::mem_pestat] low and high boundaries for computing mean and std.dev: (1, 453)
[M::mem_pestat] mean and std.dev: (222.68, 68.17)
[M::mem_pestat] low and high boundaries for proper pairs: (1, 547)
[M::mem_pestat] skip orientation RF as there are not enough pairs
[M::mem_pestat] skip orientation RR as there are not enough pairs
[M::mem_process_seqs] Processed 41500 reads in 2.300 CPU sec, 0.504 real sec
[main] Version: 0.7.17-r1188
[main] CMD: bwa mem -t 4 /mnt/storage7//lwang/.cache/Python-Eggs/quanttb-0.1.dev0-py2.7.egg-tmp/quanttb/data/GCF_000277735.2_ASM27773v2_genomic.fna /mnt/storage7/lwang/trial_tb_philippines/data/insilico_mix_mix/ERR038260-ERR751848-5050_1.fastq.gz /mnt/storage7/lwang/trial_tb_philippines/data/insilico_mix_mix/ERR038260-ERR751848-5050_2.fastq.gz
[main] Real time: 77.542 sec; CPU: 229.613 sec
[bam_sort_core] merging from 1 files and 1 in-memory blocks...
/bin/sh: 1: java: not found
